<?xml version="1.0" encoding="UTF-8"?>
<!-- Generated by org.testng.reporters.JUnitReportReporter -->
<testsuite hostname="DESKTOP-K8KQB5N" failures="0" tests="3" name="TestPass1.Test3_Checkboxes" time="7.833" errors="0" timestamp="2021-07-30T13:20:29 EDT" skipped="0">
  <testcase classname="TestPass1.Test3_Checkboxes" name="CheckboxesToggle" time="5.586"/>
  <system-out/>
  <testcase classname="TestPass1.Test3_Checkboxes" name="CheckboxesSelect" time="1.116"/>
  <system-out/>
  <testcase classname="TestPass1.Test3_Checkboxes" name="CheckboxesUnselect" time="1.131"/>
  <system-out/>
</testsuite> <!-- TestPass1.Test3_Checkboxes -->
