<?xml version="1.0" encoding="UTF-8"?>
<!-- Generated by org.testng.reporters.JUnitReportReporter -->
<testsuite hostname="DESKTOP-K8KQB5N" failures="0" tests="1" name="TestPass1.Test12_FloatingMenu" time="2.103" errors="0" timestamp="2021-08-01T17:20:37 EDT" skipped="0">
  <testcase classname="TestPass1.Test12_FloatingMenu" name="Test12_FloatingMenu" time="2.103"/>
  <system-out/>
</testsuite> <!-- TestPass1.Test12_FloatingMenu -->
