<?xml version="1.0" encoding="UTF-8"?>
<!-- Generated by org.testng.reporters.JUnitReportReporter -->
<testsuite hostname="DESKTOP-K8KQB5N" failures="0" tests="1" name="TestPass1.NewTest" time="1.611" errors="0" timestamp="2021-07-28T19:56:35 EDT" skipped="0">
  <testcase classname="TestPass1.NewTest" name="LoginSuccess" time="1.611"/>
  <system-out/>
</testsuite> <!-- TestPass1.NewTest -->
