<?xml version="1.0" encoding="UTF-8"?>
<!-- Generated by org.testng.reporters.JUnitReportReporter -->
<testsuite hostname="DESKTOP-K8KQB5N" failures="0" tests="1" name="TestPass1.Test1_LoginSuccess" time="1.552" errors="0" timestamp="2021-07-28T21:18:47 EDT" skipped="0">
  <testcase classname="TestPass1.Test1_LoginSuccess" name="Setup" time="1.552"/>
  <system-out/>
</testsuite> <!-- TestPass1.Test1_LoginSuccess -->
