<?xml version="1.0" encoding="UTF-8"?>
<!-- Generated by org.testng.reporters.JUnitReportReporter -->
<testsuite hostname="DESKTOP-K8KQB5N" failures="0" tests="1" name="TestPass1.Test15_JavaScriptAlerts" time="8.376" errors="0" timestamp="2021-08-01T23:49:05 EDT" skipped="0">
  <testcase classname="TestPass1.Test15_JavaScriptAlerts" name="Test15_JavaScriptAlerts" time="8.376"/>
  <system-out/>
</testsuite> <!-- TestPass1.Test15_JavaScriptAlerts -->
