<?xml version="1.0" encoding="UTF-8"?>
<!-- Generated by org.testng.reporters.JUnitReportReporter -->
<testsuite hostname="DESKTOP-K8KQB5N" failures="0" tests="3" name="TestPass1.Test5_DragDrop" time="22.665" errors="0" timestamp="2021-07-31T16:54:02 EDT" skipped="0">
  <testcase classname="TestPass1.Test5_DragDrop" name="Test5_BeforeDragDropAssert" time="0.585"/>
  <system-out/>
  <testcase classname="TestPass1.Test5_DragDrop" name="Test5_DragDropOperation" time="22.034"/>
  <system-out/>
  <testcase classname="TestPass1.Test5_DragDrop" name="Test5_AfterDragDropAssert" time="0.046"/>
  <system-out/>
</testsuite> <!-- TestPass1.Test5_DragDrop -->
