<?xml version="1.0" encoding="UTF-8"?>
<!-- Generated by org.testng.reporters.JUnitReportReporter -->
<testsuite hostname="DESKTOP-K8KQB5N" failures="0" tests="1" name="TestPass1.Test10_FileDownload" time="5.125" errors="0" timestamp="2021-08-01T14:54:22 EDT" skipped="0">
  <testcase classname="TestPass1.Test10_FileDownload" name="Test10_FileDownload" time="5.125"/>
  <system-out/>
</testsuite> <!-- TestPass1.Test10_FileDownload -->
