<?xml version="1.0" encoding="UTF-8"?>
<!-- Generated by org.testng.reporters.JUnitReportReporter -->
<testsuite hostname="DESKTOP-K8KQB5N" failures="0" tests="2" name="TestPass1.Test8_DynamicControls" time="0.044" errors="0" timestamp="2021-08-01T12:00:50 EDT" skipped="0">
  <testcase classname="TestPass1.Test8_DynamicControls" name="Test8_DynamicControlsCheckbox" time="0.039"/>
  <system-out/>
  <testcase classname="TestPass1.Test8_DynamicControls" name="Test8_DynamicControlsButton" time="0.005"/>
  <system-out/>
</testsuite> <!-- TestPass1.Test8_DynamicControls -->
