<?xml version="1.0" encoding="UTF-8"?>
<!-- Generated by org.testng.reporters.JUnitReportReporter -->
<testsuite hostname="DESKTOP-K8KQB5N" failures="0" tests="2" name="TestPass1.Test4_ContextMenu" time="2.214" errors="0" timestamp="2021-07-31T07:45:35 EDT" skipped="0">
  <testcase classname="TestPass1.Test4_ContextMenu" name="ContextMenuRightClick" time="1.190"/>
  <system-out/>
  <testcase classname="TestPass1.Test4_ContextMenu" name="ContextMenuAlertCheck" time="1.024"/>
  <system-out/>
</testsuite> <!-- TestPass1.Test4_ContextMenu -->
