<?xml version="1.0" encoding="UTF-8"?>
<!-- Generated by org.testng.reporters.JUnitReportReporter -->
<testsuite hostname="DESKTOP-K8KQB5N" failures="0" tests="1" name="TestPass1.Test14_MouseHover" time="9.551" errors="0" timestamp="2021-08-01T18:39:20 EDT" skipped="0">
  <testcase classname="TestPass1.Test14_MouseHover" name="Test14_MouseHover" time="9.551"/>
  <system-out/>
</testsuite> <!-- TestPass1.Test14_MouseHover -->
