<?xml version="1.0" encoding="UTF-8"?>
<!-- Generated by org.testng.reporters.JUnitReportReporter -->
<testsuite hostname="DESKTOP-K8KQB5N" failures="0" tests="1" name="TestPass1.Test2_LoginFailure" time="1.348" errors="0" timestamp="2021-07-30T10:08:26 EDT" skipped="0">
  <testcase classname="TestPass1.Test2_LoginFailure" name="LoginFailure" time="1.348"/>
  <system-out/>
</testsuite> <!-- TestPass1.Test2_LoginFailure -->
