<?xml version="1.0" encoding="UTF-8"?>
<!-- Generated by org.testng.reporters.JUnitReportReporter -->
<testsuite hostname="DESKTOP-K8KQB5N" failures="0" tests="1" name="TestPass1.Test7_DynamicContent" time="3.278" errors="0" timestamp="2021-08-01T11:21:52 EDT" skipped="0">
  <testcase classname="TestPass1.Test7_DynamicContent" name="Test7_DynamicContent" time="3.278"/>
  <system-out/>
</testsuite> <!-- TestPass1.Test7_DynamicContent -->
