<?xml version="1.0" encoding="UTF-8"?>
<!-- Generated by org.testng.reporters.JUnitReportReporter -->
<testsuite hostname="DESKTOP-K8KQB5N" failures="0" tests="1" name="TestPass1.Test11_FileUpload" time="2.414" errors="0" timestamp="2021-08-01T15:40:55 EDT" skipped="0">
  <testcase classname="TestPass1.Test11_FileUpload" name="Test11_FileUpload" time="2.414"/>
  <system-out/>
</testsuite> <!-- TestPass1.Test11_FileUpload -->
